2020-08-15 13:41:45,559 INFO [org.springframework.test.context.support.DefaultTestContextBootstrapper] - Loaded default TestExecutionListener class names from location [META-INF/spring.factories]: [org.springframework.test.context.web.ServletTestExecutionListener, org.springframework.test.context.support.DirtiesContextBeforeModesTestExecutionListener, org.springframework.test.context.support.DependencyInjectionTestExecutionListener, org.springframework.test.context.support.DirtiesContextTestExecutionListener, org.springframework.test.context.transaction.TransactionalTestExecutionListener, org.springframework.test.context.jdbc.SqlScriptsTestExecutionListener]
2020-08-15 13:41:45,625 INFO [org.springframework.test.context.support.DefaultTestContextBootstrapper] - Using TestExecutionListeners: [org.springframework.test.context.web.ServletTestExecutionListener@2a2d45ba, org.springframework.test.context.support.DirtiesContextBeforeModesTestExecutionListener@2a5ca609, org.springframework.test.context.support.DependencyInjectionTestExecutionListener@20e2cbe0, org.springframework.test.context.support.DirtiesContextTestExecutionListener@68be2bc2, org.springframework.test.context.transaction.TransactionalTestExecutionListener@28feb3fa, org.springframework.test.context.jdbc.SqlScriptsTestExecutionListener@675d3402]
2020-08-15 13:41:45,804 INFO [org.springframework.beans.factory.xml.XmlBeanDefinitionReader] - Loading XML bean definitions from class path resource [spring-context.xml]
2020-08-15 13:41:46,259 INFO [org.springframework.beans.factory.xml.XmlBeanDefinitionReader] - Loading XML bean definitions from class path resource [spring-context-druid.xml]
2020-08-15 13:41:46,321 INFO [org.springframework.beans.factory.xml.XmlBeanDefinitionReader] - Loading XML bean definitions from class path resource [spring-context-mybatis.xml]
2020-08-15 13:41:46,346 INFO [org.springframework.context.support.GenericApplicationContext] - Refreshing org.springframework.context.support.GenericApplicationContext@5cb9f472: startup date [Sat Aug 15 13:41:46 CST 2020]; root of context hierarchy
2020-08-15 13:41:47,239 INFO [com.alibaba.druid.pool.DruidDataSource] - {dataSource-1} inited
2020-08-15 13:41:47,861 INFO [org.springframework.context.support.GenericApplicationContext] - Closing org.springframework.context.support.GenericApplicationContext@5cb9f472: startup date [Sat Aug 15 13:41:46 CST 2020]; root of context hierarchy
2020-08-15 13:41:47,867 INFO [com.alibaba.druid.pool.DruidDataSource] - {dataSource-1} closed
2020-08-15 14:06:21,483 INFO [org.springframework.test.context.support.DefaultTestContextBootstrapper] - Loaded default TestExecutionListener class names from location [META-INF/spring.factories]: [org.springframework.test.context.web.ServletTestExecutionListener, org.springframework.test.context.support.DirtiesContextBeforeModesTestExecutionListener, org.springframework.test.context.support.DependencyInjectionTestExecutionListener, org.springframework.test.context.support.DirtiesContextTestExecutionListener, org.springframework.test.context.transaction.TransactionalTestExecutionListener, org.springframework.test.context.jdbc.SqlScriptsTestExecutionListener]
2020-08-15 14:06:21,502 INFO [org.springframework.test.context.support.DefaultTestContextBootstrapper] - Using TestExecutionListeners: [org.springframework.test.context.web.ServletTestExecutionListener@2a2d45ba, org.springframework.test.context.support.DirtiesContextBeforeModesTestExecutionListener@2a5ca609, org.springframework.test.context.support.DependencyInjectionTestExecutionListener@20e2cbe0, org.springframework.test.context.support.DirtiesContextTestExecutionListener@68be2bc2, org.springframework.test.context.transaction.TransactionalTestExecutionListener@28feb3fa, org.springframework.test.context.jdbc.SqlScriptsTestExecutionListener@675d3402]
2020-08-15 14:06:21,576 INFO [org.springframework.beans.factory.xml.XmlBeanDefinitionReader] - Loading XML bean definitions from class path resource [spring-context.xml]
2020-08-15 14:06:21,747 INFO [org.springframework.beans.factory.xml.XmlBeanDefinitionReader] - Loading XML bean definitions from class path resource [spring-context-druid.xml]
2020-08-15 14:06:21,781 INFO [org.springframework.beans.factory.xml.XmlBeanDefinitionReader] - Loading XML bean definitions from class path resource [spring-context-mybatis.xml]
2020-08-15 14:06:21,802 INFO [org.springframework.context.support.GenericApplicationContext] - Refreshing org.springframework.context.support.GenericApplicationContext@5cb9f472: startup date [Sat Aug 15 14:06:21 CST 2020]; root of context hierarchy
2020-08-15 14:06:22,489 INFO [com.alibaba.druid.pool.DruidDataSource] - {dataSource-1} inited
2020-08-15 14:06:23,016 INFO [org.springframework.beans.factory.xml.XmlBeanDefinitionReader] - Loading XML bean definitions from class path resource [org/springframework/jdbc/support/sql-error-codes.xml]
2020-08-15 14:06:23,059 INFO [org.springframework.context.support.GenericApplicationContext] - Closing org.springframework.context.support.GenericApplicationContext@5cb9f472: startup date [Sat Aug 15 14:06:21 CST 2020]; root of context hierarchy
2020-08-15 14:06:23,063 INFO [com.alibaba.druid.pool.DruidDataSource] - {dataSource-1} closed
2020-08-15 14:07:15,507 INFO [org.springframework.test.context.support.DefaultTestContextBootstrapper] - Loaded default TestExecutionListener class names from location [META-INF/spring.factories]: [org.springframework.test.context.web.ServletTestExecutionListener, org.springframework.test.context.support.DirtiesContextBeforeModesTestExecutionListener, org.springframework.test.context.support.DependencyInjectionTestExecutionListener, org.springframework.test.context.support.DirtiesContextTestExecutionListener, org.springframework.test.context.transaction.TransactionalTestExecutionListener, org.springframework.test.context.jdbc.SqlScriptsTestExecutionListener]
2020-08-15 14:07:15,527 INFO [org.springframework.test.context.support.DefaultTestContextBootstrapper] - Using TestExecutionListeners: [org.springframework.test.context.web.ServletTestExecutionListener@2a2d45ba, org.springframework.test.context.support.DirtiesContextBeforeModesTestExecutionListener@2a5ca609, org.springframework.test.context.support.DependencyInjectionTestExecutionListener@20e2cbe0, org.springframework.test.context.support.DirtiesContextTestExecutionListener@68be2bc2, org.springframework.test.context.transaction.TransactionalTestExecutionListener@28feb3fa, org.springframework.test.context.jdbc.SqlScriptsTestExecutionListener@675d3402]
2020-08-15 14:07:15,603 INFO [org.springframework.beans.factory.xml.XmlBeanDefinitionReader] - Loading XML bean definitions from class path resource [spring-context.xml]
2020-08-15 14:07:15,786 INFO [org.springframework.beans.factory.xml.XmlBeanDefinitionReader] - Loading XML bean definitions from class path resource [spring-context-druid.xml]
2020-08-15 14:07:15,818 INFO [org.springframework.beans.factory.xml.XmlBeanDefinitionReader] - Loading XML bean definitions from class path resource [spring-context-mybatis.xml]
2020-08-15 14:07:15,839 INFO [org.springframework.context.support.GenericApplicationContext] - Refreshing org.springframework.context.support.GenericApplicationContext@5cb9f472: startup date [Sat Aug 15 14:07:15 CST 2020]; root of context hierarchy
2020-08-15 14:07:16,531 INFO [com.alibaba.druid.pool.DruidDataSource] - {dataSource-1} inited
2020-08-15 14:07:17,004 INFO [org.springframework.beans.factory.xml.XmlBeanDefinitionReader] - Loading XML bean definitions from class path resource [org/springframework/jdbc/support/sql-error-codes.xml]
2020-08-15 14:07:17,058 INFO [org.springframework.context.support.GenericApplicationContext] - Closing org.springframework.context.support.GenericApplicationContext@5cb9f472: startup date [Sat Aug 15 14:07:15 CST 2020]; root of context hierarchy
2020-08-15 14:07:17,062 INFO [com.alibaba.druid.pool.DruidDataSource] - {dataSource-1} closed
2020-08-15 14:08:00,578 INFO [org.springframework.test.context.support.DefaultTestContextBootstrapper] - Loaded default TestExecutionListener class names from location [META-INF/spring.factories]: [org.springframework.test.context.web.ServletTestExecutionListener, org.springframework.test.context.support.DirtiesContextBeforeModesTestExecutionListener, org.springframework.test.context.support.DependencyInjectionTestExecutionListener, org.springframework.test.context.support.DirtiesContextTestExecutionListener, org.springframework.test.context.transaction.TransactionalTestExecutionListener, org.springframework.test.context.jdbc.SqlScriptsTestExecutionListener]
2020-08-15 14:08:00,596 INFO [org.springframework.test.context.support.DefaultTestContextBootstrapper] - Using TestExecutionListeners: [org.springframework.test.context.web.ServletTestExecutionListener@2a2d45ba, org.springframework.test.context.support.DirtiesContextBeforeModesTestExecutionListener@2a5ca609, org.springframework.test.context.support.DependencyInjectionTestExecutionListener@20e2cbe0, org.springframework.test.context.support.DirtiesContextTestExecutionListener@68be2bc2, org.springframework.test.context.transaction.TransactionalTestExecutionListener@28feb3fa, org.springframework.test.context.jdbc.SqlScriptsTestExecutionListener@675d3402]
2020-08-15 14:08:00,681 INFO [org.springframework.beans.factory.xml.XmlBeanDefinitionReader] - Loading XML bean definitions from class path resource [spring-context.xml]
2020-08-15 14:08:00,861 INFO [org.springframework.beans.factory.xml.XmlBeanDefinitionReader] - Loading XML bean definitions from class path resource [spring-context-druid.xml]
2020-08-15 14:08:00,900 INFO [org.springframework.beans.factory.xml.XmlBeanDefinitionReader] - Loading XML bean definitions from class path resource [spring-context-mybatis.xml]
2020-08-15 14:08:00,921 INFO [org.springframework.context.support.GenericApplicationContext] - Refreshing org.springframework.context.support.GenericApplicationContext@5cb9f472: startup date [Sat Aug 15 14:08:00 CST 2020]; root of context hierarchy
2020-08-15 14:08:01,621 INFO [com.alibaba.druid.pool.DruidDataSource] - {dataSource-1} inited
2020-08-15 14:08:02,118 INFO [org.springframework.beans.factory.xml.XmlBeanDefinitionReader] - Loading XML bean definitions from class path resource [org/springframework/jdbc/support/sql-error-codes.xml]
2020-08-15 14:08:02,172 INFO [org.springframework.context.support.GenericApplicationContext] - Closing org.springframework.context.support.GenericApplicationContext@5cb9f472: startup date [Sat Aug 15 14:08:00 CST 2020]; root of context hierarchy
2020-08-15 14:08:02,178 INFO [com.alibaba.druid.pool.DruidDataSource] - {dataSource-1} closed
2020-08-15 14:08:54,115 INFO [org.springframework.test.context.support.DefaultTestContextBootstrapper] - Loaded default TestExecutionListener class names from location [META-INF/spring.factories]: [org.springframework.test.context.web.ServletTestExecutionListener, org.springframework.test.context.support.DirtiesContextBeforeModesTestExecutionListener, org.springframework.test.context.support.DependencyInjectionTestExecutionListener, org.springframework.test.context.support.DirtiesContextTestExecutionListener, org.springframework.test.context.transaction.TransactionalTestExecutionListener, org.springframework.test.context.jdbc.SqlScriptsTestExecutionListener]
2020-08-15 14:08:54,130 INFO [org.springframework.test.context.support.DefaultTestContextBootstrapper] - Using TestExecutionListeners: [org.springframework.test.context.web.ServletTestExecutionListener@2a2d45ba, org.springframework.test.context.support.DirtiesContextBeforeModesTestExecutionListener@2a5ca609, org.springframework.test.context.support.DependencyInjectionTestExecutionListener@20e2cbe0, org.springframework.test.context.support.DirtiesContextTestExecutionListener@68be2bc2, org.springframework.test.context.transaction.TransactionalTestExecutionListener@28feb3fa, org.springframework.test.context.jdbc.SqlScriptsTestExecutionListener@675d3402]
2020-08-15 14:08:54,214 INFO [org.springframework.beans.factory.xml.XmlBeanDefinitionReader] - Loading XML bean definitions from class path resource [spring-context.xml]
2020-08-15 14:08:54,392 INFO [org.springframework.beans.factory.xml.XmlBeanDefinitionReader] - Loading XML bean definitions from class path resource [spring-context-druid.xml]
2020-08-15 14:08:54,428 INFO [org.springframework.beans.factory.xml.XmlBeanDefinitionReader] - Loading XML bean definitions from class path resource [spring-context-mybatis.xml]
2020-08-15 14:08:54,451 INFO [org.springframework.context.support.GenericApplicationContext] - Refreshing org.springframework.context.support.GenericApplicationContext@5cb9f472: startup date [Sat Aug 15 14:08:54 CST 2020]; root of context hierarchy
2020-08-15 14:08:55,117 INFO [com.alibaba.druid.pool.DruidDataSource] - {dataSource-1} inited
2020-08-15 14:08:55,543 INFO [org.springframework.context.support.GenericApplicationContext] - Closing org.springframework.context.support.GenericApplicationContext@5cb9f472: startup date [Sat Aug 15 14:08:54 CST 2020]; root of context hierarchy
2020-08-15 14:08:55,549 INFO [com.alibaba.druid.pool.DruidDataSource] - {dataSource-1} closed
2020-08-15 14:11:45,614 INFO [org.springframework.test.context.support.DefaultTestContextBootstrapper] - Loaded default TestExecutionListener class names from location [META-INF/spring.factories]: [org.springframework.test.context.web.ServletTestExecutionListener, org.springframework.test.context.support.DirtiesContextBeforeModesTestExecutionListener, org.springframework.test.context.support.DependencyInjectionTestExecutionListener, org.springframework.test.context.support.DirtiesContextTestExecutionListener, org.springframework.test.context.transaction.TransactionalTestExecutionListener, org.springframework.test.context.jdbc.SqlScriptsTestExecutionListener]
2020-08-15 14:11:45,641 INFO [org.springframework.test.context.support.DefaultTestContextBootstrapper] - Using TestExecutionListeners: [org.springframework.test.context.web.ServletTestExecutionListener@2a2d45ba, org.springframework.test.context.support.DirtiesContextBeforeModesTestExecutionListener@2a5ca609, org.springframework.test.context.support.DependencyInjectionTestExecutionListener@20e2cbe0, org.springframework.test.context.support.DirtiesContextTestExecutionListener@68be2bc2, org.springframework.test.context.transaction.TransactionalTestExecutionListener@28feb3fa, org.springframework.test.context.jdbc.SqlScriptsTestExecutionListener@675d3402]
2020-08-15 14:11:45,763 INFO [org.springframework.beans.factory.xml.XmlBeanDefinitionReader] - Loading XML bean definitions from class path resource [spring-context.xml]
2020-08-15 14:11:46,008 INFO [org.springframework.beans.factory.xml.XmlBeanDefinitionReader] - Loading XML bean definitions from class path resource [spring-context-druid.xml]
2020-08-15 14:11:46,047 INFO [org.springframework.beans.factory.xml.XmlBeanDefinitionReader] - Loading XML bean definitions from class path resource [spring-context-mybatis.xml]
2020-08-15 14:11:46,070 INFO [org.springframework.context.support.GenericApplicationContext] - Refreshing org.springframework.context.support.GenericApplicationContext@5cb9f472: startup date [Sat Aug 15 14:11:46 CST 2020]; root of context hierarchy
2020-08-15 14:11:46,949 INFO [com.alibaba.druid.pool.DruidDataSource] - {dataSource-1} inited
2020-08-15 14:11:47,570 INFO [org.springframework.context.support.GenericApplicationContext] - Closing org.springframework.context.support.GenericApplicationContext@5cb9f472: startup date [Sat Aug 15 14:11:46 CST 2020]; root of context hierarchy
2020-08-15 14:11:47,578 INFO [com.alibaba.druid.pool.DruidDataSource] - {dataSource-1} closed
2020-08-15 14:19:58,088 INFO [org.springframework.test.context.support.DefaultTestContextBootstrapper] - Loaded default TestExecutionListener class names from location [META-INF/spring.factories]: [org.springframework.test.context.web.ServletTestExecutionListener, org.springframework.test.context.support.DirtiesContextBeforeModesTestExecutionListener, org.springframework.test.context.support.DependencyInjectionTestExecutionListener, org.springframework.test.context.support.DirtiesContextTestExecutionListener, org.springframework.test.context.transaction.TransactionalTestExecutionListener, org.springframework.test.context.jdbc.SqlScriptsTestExecutionListener]
2020-08-15 14:19:58,110 INFO [org.springframework.test.context.support.DefaultTestContextBootstrapper] - Using TestExecutionListeners: [org.springframework.test.context.web.ServletTestExecutionListener@2a2d45ba, org.springframework.test.context.support.DirtiesContextBeforeModesTestExecutionListener@2a5ca609, org.springframework.test.context.support.DependencyInjectionTestExecutionListener@20e2cbe0, org.springframework.test.context.support.DirtiesContextTestExecutionListener@68be2bc2, org.springframework.test.context.transaction.TransactionalTestExecutionListener@28feb3fa, org.springframework.test.context.jdbc.SqlScriptsTestExecutionListener@675d3402]
2020-08-15 14:19:58,194 INFO [org.springframework.beans.factory.xml.XmlBeanDefinitionReader] - Loading XML bean definitions from class path resource [spring-context.xml]
2020-08-15 14:19:58,383 INFO [org.springframework.beans.factory.xml.XmlBeanDefinitionReader] - Loading XML bean definitions from class path resource [spring-context-druid.xml]
2020-08-15 14:19:58,427 INFO [org.springframework.beans.factory.xml.XmlBeanDefinitionReader] - Loading XML bean definitions from class path resource [spring-context-mybatis.xml]
2020-08-15 14:19:58,448 INFO [org.springframework.context.support.GenericApplicationContext] - Refreshing org.springframework.context.support.GenericApplicationContext@5cb9f472: startup date [Sat Aug 15 14:19:58 CST 2020]; root of context hierarchy
2020-08-15 14:19:59,153 INFO [com.alibaba.druid.pool.DruidDataSource] - {dataSource-1} inited
2020-08-15 14:19:59,637 INFO [org.springframework.context.support.GenericApplicationContext] - Closing org.springframework.context.support.GenericApplicationContext@5cb9f472: startup date [Sat Aug 15 14:19:58 CST 2020]; root of context hierarchy
2020-08-15 14:19:59,644 INFO [com.alibaba.druid.pool.DruidDataSource] - {dataSource-1} closed
2020-08-15 14:20:16,537 INFO [org.springframework.test.context.support.DefaultTestContextBootstrapper] - Loaded default TestExecutionListener class names from location [META-INF/spring.factories]: [org.springframework.test.context.web.ServletTestExecutionListener, org.springframework.test.context.support.DirtiesContextBeforeModesTestExecutionListener, org.springframework.test.context.support.DependencyInjectionTestExecutionListener, org.springframework.test.context.support.DirtiesContextTestExecutionListener, org.springframework.test.context.transaction.TransactionalTestExecutionListener, org.springframework.test.context.jdbc.SqlScriptsTestExecutionListener]
2020-08-15 14:20:16,555 INFO [org.springframework.test.context.support.DefaultTestContextBootstrapper] - Using TestExecutionListeners: [org.springframework.test.context.web.ServletTestExecutionListener@2a2d45ba, org.springframework.test.context.support.DirtiesContextBeforeModesTestExecutionListener@2a5ca609, org.springframework.test.context.support.DependencyInjectionTestExecutionListener@20e2cbe0, org.springframework.test.context.support.DirtiesContextTestExecutionListener@68be2bc2, org.springframework.test.context.transaction.TransactionalTestExecutionListener@28feb3fa, org.springframework.test.context.jdbc.SqlScriptsTestExecutionListener@675d3402]
2020-08-15 14:20:16,635 INFO [org.springframework.beans.factory.xml.XmlBeanDefinitionReader] - Loading XML bean definitions from class path resource [spring-context.xml]
2020-08-15 14:20:16,856 INFO [org.springframework.beans.factory.xml.XmlBeanDefinitionReader] - Loading XML bean definitions from class path resource [spring-context-druid.xml]
2020-08-15 14:20:16,899 INFO [org.springframework.beans.factory.xml.XmlBeanDefinitionReader] - Loading XML bean definitions from class path resource [spring-context-mybatis.xml]
2020-08-15 14:20:16,926 INFO [org.springframework.context.support.GenericApplicationContext] - Refreshing org.springframework.context.support.GenericApplicationContext@5cb9f472: startup date [Sat Aug 15 14:20:16 CST 2020]; root of context hierarchy
2020-08-15 14:20:17,645 INFO [com.alibaba.druid.pool.DruidDataSource] - {dataSource-1} inited
2020-08-15 14:20:18,087 INFO [org.springframework.context.support.GenericApplicationContext] - Closing org.springframework.context.support.GenericApplicationContext@5cb9f472: startup date [Sat Aug 15 14:20:16 CST 2020]; root of context hierarchy
2020-08-15 14:20:18,094 INFO [com.alibaba.druid.pool.DruidDataSource] - {dataSource-1} closed
2020-08-15 14:24:25,350 INFO [org.springframework.test.context.support.DefaultTestContextBootstrapper] - Loaded default TestExecutionListener class names from location [META-INF/spring.factories]: [org.springframework.test.context.web.ServletTestExecutionListener, org.springframework.test.context.support.DirtiesContextBeforeModesTestExecutionListener, org.springframework.test.context.support.DependencyInjectionTestExecutionListener, org.springframework.test.context.support.DirtiesContextTestExecutionListener, org.springframework.test.context.transaction.TransactionalTestExecutionListener, org.springframework.test.context.jdbc.SqlScriptsTestExecutionListener]
2020-08-15 14:24:25,369 INFO [org.springframework.test.context.support.DefaultTestContextBootstrapper] - Using TestExecutionListeners: [org.springframework.test.context.web.ServletTestExecutionListener@2a2d45ba, org.springframework.test.context.support.DirtiesContextBeforeModesTestExecutionListener@2a5ca609, org.springframework.test.context.support.DependencyInjectionTestExecutionListener@20e2cbe0, org.springframework.test.context.support.DirtiesContextTestExecutionListener@68be2bc2, org.springframework.test.context.transaction.TransactionalTestExecutionListener@28feb3fa, org.springframework.test.context.jdbc.SqlScriptsTestExecutionListener@675d3402]
2020-08-15 14:24:25,447 INFO [org.springframework.beans.factory.xml.XmlBeanDefinitionReader] - Loading XML bean definitions from class path resource [spring-context.xml]
2020-08-15 14:24:25,609 INFO [org.springframework.beans.factory.xml.XmlBeanDefinitionReader] - Loading XML bean definitions from class path resource [spring-context-druid.xml]
2020-08-15 14:24:25,646 INFO [org.springframework.beans.factory.xml.XmlBeanDefinitionReader] - Loading XML bean definitions from class path resource [spring-context-mybatis.xml]
2020-08-15 14:24:25,664 INFO [org.springframework.context.support.GenericApplicationContext] - Refreshing org.springframework.context.support.GenericApplicationContext@5cb9f472: startup date [Sat Aug 15 14:24:25 CST 2020]; root of context hierarchy
2020-08-15 14:24:26,311 INFO [com.alibaba.druid.pool.DruidDataSource] - {dataSource-1} inited
2020-08-15 14:24:26,757 INFO [org.springframework.beans.factory.xml.XmlBeanDefinitionReader] - Loading XML bean definitions from class path resource [org/springframework/jdbc/support/sql-error-codes.xml]
2020-08-15 14:24:26,804 INFO [org.springframework.context.support.GenericApplicationContext] - Closing org.springframework.context.support.GenericApplicationContext@5cb9f472: startup date [Sat Aug 15 14:24:25 CST 2020]; root of context hierarchy
2020-08-15 14:24:26,809 INFO [com.alibaba.druid.pool.DruidDataSource] - {dataSource-1} closed
2020-08-15 14:24:47,818 INFO [org.springframework.test.context.support.DefaultTestContextBootstrapper] - Loaded default TestExecutionListener class names from location [META-INF/spring.factories]: [org.springframework.test.context.web.ServletTestExecutionListener, org.springframework.test.context.support.DirtiesContextBeforeModesTestExecutionListener, org.springframework.test.context.support.DependencyInjectionTestExecutionListener, org.springframework.test.context.support.DirtiesContextTestExecutionListener, org.springframework.test.context.transaction.TransactionalTestExecutionListener, org.springframework.test.context.jdbc.SqlScriptsTestExecutionListener]
2020-08-15 14:24:47,834 INFO [org.springframework.test.context.support.DefaultTestContextBootstrapper] - Using TestExecutionListeners: [org.springframework.test.context.web.ServletTestExecutionListener@2a2d45ba, org.springframework.test.context.support.DirtiesContextBeforeModesTestExecutionListener@2a5ca609, org.springframework.test.context.support.DependencyInjectionTestExecutionListener@20e2cbe0, org.springframework.test.context.support.DirtiesContextTestExecutionListener@68be2bc2, org.springframework.test.context.transaction.TransactionalTestExecutionListener@28feb3fa, org.springframework.test.context.jdbc.SqlScriptsTestExecutionListener@675d3402]
2020-08-15 14:24:47,923 INFO [org.springframework.beans.factory.xml.XmlBeanDefinitionReader] - Loading XML bean definitions from class path resource [spring-context.xml]
2020-08-15 14:24:48,147 INFO [org.springframework.beans.factory.xml.XmlBeanDefinitionReader] - Loading XML bean definitions from class path resource [spring-context-druid.xml]
2020-08-15 14:24:48,183 INFO [org.springframework.beans.factory.xml.XmlBeanDefinitionReader] - Loading XML bean definitions from class path resource [spring-context-mybatis.xml]
2020-08-15 14:24:48,206 INFO [org.springframework.context.support.GenericApplicationContext] - Refreshing org.springframework.context.support.GenericApplicationContext@5cb9f472: startup date [Sat Aug 15 14:24:48 CST 2020]; root of context hierarchy
2020-08-15 14:24:48,884 INFO [com.alibaba.druid.pool.DruidDataSource] - {dataSource-1} inited
2020-08-15 14:24:49,381 INFO [org.springframework.context.support.GenericApplicationContext] - Closing org.springframework.context.support.GenericApplicationContext@5cb9f472: startup date [Sat Aug 15 14:24:48 CST 2020]; root of context hierarchy
2020-08-15 14:24:49,387 INFO [com.alibaba.druid.pool.DruidDataSource] - {dataSource-1} closed
2020-08-15 14:26:10,168 INFO [org.springframework.test.context.support.DefaultTestContextBootstrapper] - Loaded default TestExecutionListener class names from location [META-INF/spring.factories]: [org.springframework.test.context.web.ServletTestExecutionListener, org.springframework.test.context.support.DirtiesContextBeforeModesTestExecutionListener, org.springframework.test.context.support.DependencyInjectionTestExecutionListener, org.springframework.test.context.support.DirtiesContextTestExecutionListener, org.springframework.test.context.transaction.TransactionalTestExecutionListener, org.springframework.test.context.jdbc.SqlScriptsTestExecutionListener]
2020-08-15 14:26:10,184 INFO [org.springframework.test.context.support.DefaultTestContextBootstrapper] - Using TestExecutionListeners: [org.springframework.test.context.web.ServletTestExecutionListener@2a2d45ba, org.springframework.test.context.support.DirtiesContextBeforeModesTestExecutionListener@2a5ca609, org.springframework.test.context.support.DependencyInjectionTestExecutionListener@20e2cbe0, org.springframework.test.context.support.DirtiesContextTestExecutionListener@68be2bc2, org.springframework.test.context.transaction.TransactionalTestExecutionListener@28feb3fa, org.springframework.test.context.jdbc.SqlScriptsTestExecutionListener@675d3402]
2020-08-15 14:26:10,255 INFO [org.springframework.beans.factory.xml.XmlBeanDefinitionReader] - Loading XML bean definitions from class path resource [spring-context.xml]
2020-08-15 14:26:10,433 INFO [org.springframework.beans.factory.xml.XmlBeanDefinitionReader] - Loading XML bean definitions from class path resource [spring-context-druid.xml]
2020-08-15 14:26:10,465 INFO [org.springframework.beans.factory.xml.XmlBeanDefinitionReader] - Loading XML bean definitions from class path resource [spring-context-mybatis.xml]
2020-08-15 14:26:10,485 INFO [org.springframework.context.support.GenericApplicationContext] - Refreshing org.springframework.context.support.GenericApplicationContext@5cb9f472: startup date [Sat Aug 15 14:26:10 CST 2020]; root of context hierarchy
2020-08-15 14:26:11,124 INFO [com.alibaba.druid.pool.DruidDataSource] - {dataSource-1} inited
2020-08-15 14:26:11,620 INFO [org.springframework.context.support.GenericApplicationContext] - Closing org.springframework.context.support.GenericApplicationContext@5cb9f472: startup date [Sat Aug 15 14:26:10 CST 2020]; root of context hierarchy
2020-08-15 14:26:11,623 INFO [com.alibaba.druid.pool.DruidDataSource] - {dataSource-1} closed
2020-08-15 14:26:56,855 INFO [org.springframework.test.context.support.DefaultTestContextBootstrapper] - Loaded default TestExecutionListener class names from location [META-INF/spring.factories]: [org.springframework.test.context.web.ServletTestExecutionListener, org.springframework.test.context.support.DirtiesContextBeforeModesTestExecutionListener, org.springframework.test.context.support.DependencyInjectionTestExecutionListener, org.springframework.test.context.support.DirtiesContextTestExecutionListener, org.springframework.test.context.transaction.TransactionalTestExecutionListener, org.springframework.test.context.jdbc.SqlScriptsTestExecutionListener]
2020-08-15 14:26:56,874 INFO [org.springframework.test.context.support.DefaultTestContextBootstrapper] - Using TestExecutionListeners: [org.springframework.test.context.web.ServletTestExecutionListener@2a2d45ba, org.springframework.test.context.support.DirtiesContextBeforeModesTestExecutionListener@2a5ca609, org.springframework.test.context.support.DependencyInjectionTestExecutionListener@20e2cbe0, org.springframework.test.context.support.DirtiesContextTestExecutionListener@68be2bc2, org.springframework.test.context.transaction.TransactionalTestExecutionListener@28feb3fa, org.springframework.test.context.jdbc.SqlScriptsTestExecutionListener@675d3402]
2020-08-15 14:26:56,961 INFO [org.springframework.beans.factory.xml.XmlBeanDefinitionReader] - Loading XML bean definitions from class path resource [spring-context.xml]
2020-08-15 14:26:57,146 INFO [org.springframework.beans.factory.xml.XmlBeanDefinitionReader] - Loading XML bean definitions from class path resource [spring-context-druid.xml]
2020-08-15 14:26:57,188 INFO [org.springframework.beans.factory.xml.XmlBeanDefinitionReader] - Loading XML bean definitions from class path resource [spring-context-mybatis.xml]
2020-08-15 14:26:57,211 INFO [org.springframework.context.support.GenericApplicationContext] - Refreshing org.springframework.context.support.GenericApplicationContext@5cb9f472: startup date [Sat Aug 15 14:26:57 CST 2020]; root of context hierarchy
2020-08-15 14:26:58,128 INFO [com.alibaba.druid.pool.DruidDataSource] - {dataSource-1} inited
2020-08-15 14:26:58,769 INFO [org.springframework.context.support.GenericApplicationContext] - Closing org.springframework.context.support.GenericApplicationContext@5cb9f472: startup date [Sat Aug 15 14:26:57 CST 2020]; root of context hierarchy
2020-08-15 14:26:58,778 INFO [com.alibaba.druid.pool.DruidDataSource] - {dataSource-1} closed
2020-08-15 14:34:38,810 INFO [org.springframework.test.context.support.DefaultTestContextBootstrapper] - Loaded default TestExecutionListener class names from location [META-INF/spring.factories]: [org.springframework.test.context.web.ServletTestExecutionListener, org.springframework.test.context.support.DirtiesContextBeforeModesTestExecutionListener, org.springframework.test.context.support.DependencyInjectionTestExecutionListener, org.springframework.test.context.support.DirtiesContextTestExecutionListener, org.springframework.test.context.transaction.TransactionalTestExecutionListener, org.springframework.test.context.jdbc.SqlScriptsTestExecutionListener]
2020-08-15 14:34:38,827 INFO [org.springframework.test.context.support.DefaultTestContextBootstrapper] - Using TestExecutionListeners: [org.springframework.test.context.web.ServletTestExecutionListener@2a2d45ba, org.springframework.test.context.support.DirtiesContextBeforeModesTestExecutionListener@2a5ca609, org.springframework.test.context.support.DependencyInjectionTestExecutionListener@20e2cbe0, org.springframework.test.context.support.DirtiesContextTestExecutionListener@68be2bc2, org.springframework.test.context.transaction.TransactionalTestExecutionListener@28feb3fa, org.springframework.test.context.jdbc.SqlScriptsTestExecutionListener@675d3402]
2020-08-15 14:34:38,903 INFO [org.springframework.beans.factory.xml.XmlBeanDefinitionReader] - Loading XML bean definitions from class path resource [spring-context.xml]
2020-08-15 14:34:39,087 INFO [org.springframework.beans.factory.xml.XmlBeanDefinitionReader] - Loading XML bean definitions from class path resource [spring-context-druid.xml]
2020-08-15 14:34:39,123 INFO [org.springframework.beans.factory.xml.XmlBeanDefinitionReader] - Loading XML bean definitions from class path resource [spring-context-mybatis.xml]
2020-08-15 14:34:39,143 INFO [org.springframework.context.support.GenericApplicationContext] - Refreshing org.springframework.context.support.GenericApplicationContext@5cb9f472: startup date [Sat Aug 15 14:34:39 CST 2020]; root of context hierarchy
2020-08-15 14:34:39,829 INFO [com.alibaba.druid.pool.DruidDataSource] - {dataSource-1} inited
2020-08-15 14:34:40,319 INFO [org.springframework.beans.factory.xml.XmlBeanDefinitionReader] - Loading XML bean definitions from class path resource [org/springframework/jdbc/support/sql-error-codes.xml]
2020-08-15 14:34:40,368 INFO [org.springframework.context.support.GenericApplicationContext] - Closing org.springframework.context.support.GenericApplicationContext@5cb9f472: startup date [Sat Aug 15 14:34:39 CST 2020]; root of context hierarchy
2020-08-15 14:34:40,387 INFO [com.alibaba.druid.pool.DruidDataSource] - {dataSource-1} closed
2020-08-15 14:35:39,807 INFO [org.springframework.test.context.support.DefaultTestContextBootstrapper] - Loaded default TestExecutionListener class names from location [META-INF/spring.factories]: [org.springframework.test.context.web.ServletTestExecutionListener, org.springframework.test.context.support.DirtiesContextBeforeModesTestExecutionListener, org.springframework.test.context.support.DependencyInjectionTestExecutionListener, org.springframework.test.context.support.DirtiesContextTestExecutionListener, org.springframework.test.context.transaction.TransactionalTestExecutionListener, org.springframework.test.context.jdbc.SqlScriptsTestExecutionListener]
2020-08-15 14:35:39,824 INFO [org.springframework.test.context.support.DefaultTestContextBootstrapper] - Using TestExecutionListeners: [org.springframework.test.context.web.ServletTestExecutionListener@2a2d45ba, org.springframework.test.context.support.DirtiesContextBeforeModesTestExecutionListener@2a5ca609, org.springframework.test.context.support.DependencyInjectionTestExecutionListener@20e2cbe0, org.springframework.test.context.support.DirtiesContextTestExecutionListener@68be2bc2, org.springframework.test.context.transaction.TransactionalTestExecutionListener@28feb3fa, org.springframework.test.context.jdbc.SqlScriptsTestExecutionListener@675d3402]
2020-08-15 14:35:39,898 INFO [org.springframework.beans.factory.xml.XmlBeanDefinitionReader] - Loading XML bean definitions from class path resource [spring-context.xml]
2020-08-15 14:35:40,100 INFO [org.springframework.beans.factory.xml.XmlBeanDefinitionReader] - Loading XML bean definitions from class path resource [spring-context-druid.xml]
2020-08-15 14:35:40,137 INFO [org.springframework.beans.factory.xml.XmlBeanDefinitionReader] - Loading XML bean definitions from class path resource [spring-context-mybatis.xml]
2020-08-15 14:35:40,156 INFO [org.springframework.context.support.GenericApplicationContext] - Refreshing org.springframework.context.support.GenericApplicationContext@5cb9f472: startup date [Sat Aug 15 14:35:40 CST 2020]; root of context hierarchy
2020-08-15 14:35:40,784 INFO [com.alibaba.druid.pool.DruidDataSource] - {dataSource-1} inited
2020-08-15 14:35:41,186 INFO [org.springframework.context.support.GenericApplicationContext] - Closing org.springframework.context.support.GenericApplicationContext@5cb9f472: startup date [Sat Aug 15 14:35:40 CST 2020]; root of context hierarchy
2020-08-15 14:35:41,193 INFO [com.alibaba.druid.pool.DruidDataSource] - {dataSource-1} closed
2020-08-15 14:49:51,397 INFO [org.springframework.test.context.support.DefaultTestContextBootstrapper] - Loaded default TestExecutionListener class names from location [META-INF/spring.factories]: [org.springframework.test.context.web.ServletTestExecutionListener, org.springframework.test.context.support.DirtiesContextBeforeModesTestExecutionListener, org.springframework.test.context.support.DependencyInjectionTestExecutionListener, org.springframework.test.context.support.DirtiesContextTestExecutionListener, org.springframework.test.context.transaction.TransactionalTestExecutionListener, org.springframework.test.context.jdbc.SqlScriptsTestExecutionListener]
2020-08-15 14:49:51,419 INFO [org.springframework.test.context.support.DefaultTestContextBootstrapper] - Using TestExecutionListeners: [org.springframework.test.context.web.ServletTestExecutionListener@2a2d45ba, org.springframework.test.context.support.DirtiesContextBeforeModesTestExecutionListener@2a5ca609, org.springframework.test.context.support.DependencyInjectionTestExecutionListener@20e2cbe0, org.springframework.test.context.support.DirtiesContextTestExecutionListener@68be2bc2, org.springframework.test.context.transaction.TransactionalTestExecutionListener@28feb3fa, org.springframework.test.context.jdbc.SqlScriptsTestExecutionListener@675d3402]
2020-08-15 14:49:51,497 INFO [org.springframework.beans.factory.xml.XmlBeanDefinitionReader] - Loading XML bean definitions from class path resource [spring-context.xml]
2020-08-15 14:49:51,705 INFO [org.springframework.beans.factory.xml.XmlBeanDefinitionReader] - Loading XML bean definitions from class path resource [spring-context-druid.xml]
2020-08-15 14:49:51,743 INFO [org.springframework.beans.factory.xml.XmlBeanDefinitionReader] - Loading XML bean definitions from class path resource [spring-context-mybatis.xml]
2020-08-15 14:49:51,763 INFO [org.springframework.context.support.GenericApplicationContext] - Refreshing org.springframework.context.support.GenericApplicationContext@5cb9f472: startup date [Sat Aug 15 14:49:51 CST 2020]; root of context hierarchy
2020-08-15 14:49:52,394 INFO [com.alibaba.druid.pool.DruidDataSource] - {dataSource-1} inited
2020-08-15 14:49:52,873 INFO [org.springframework.context.support.GenericApplicationContext] - Closing org.springframework.context.support.GenericApplicationContext@5cb9f472: startup date [Sat Aug 15 14:49:51 CST 2020]; root of context hierarchy
2020-08-15 14:49:52,877 INFO [com.alibaba.druid.pool.DruidDataSource] - {dataSource-1} closed
2020-08-15 14:53:38,463 INFO [org.springframework.test.context.support.DefaultTestContextBootstrapper] - Loaded default TestExecutionListener class names from location [META-INF/spring.factories]: [org.springframework.test.context.web.ServletTestExecutionListener, org.springframework.test.context.support.DirtiesContextBeforeModesTestExecutionListener, org.springframework.test.context.support.DependencyInjectionTestExecutionListener, org.springframework.test.context.support.DirtiesContextTestExecutionListener, org.springframework.test.context.transaction.TransactionalTestExecutionListener, org.springframework.test.context.jdbc.SqlScriptsTestExecutionListener]
2020-08-15 14:53:38,480 INFO [org.springframework.test.context.support.DefaultTestContextBootstrapper] - Using TestExecutionListeners: [org.springframework.test.context.web.ServletTestExecutionListener@2a2d45ba, org.springframework.test.context.support.DirtiesContextBeforeModesTestExecutionListener@2a5ca609, org.springframework.test.context.support.DependencyInjectionTestExecutionListener@20e2cbe0, org.springframework.test.context.support.DirtiesContextTestExecutionListener@68be2bc2, org.springframework.test.context.transaction.TransactionalTestExecutionListener@28feb3fa, org.springframework.test.context.jdbc.SqlScriptsTestExecutionListener@675d3402]
2020-08-15 14:53:38,564 INFO [org.springframework.beans.factory.xml.XmlBeanDefinitionReader] - Loading XML bean definitions from class path resource [spring-context.xml]
2020-08-15 14:53:38,755 INFO [org.springframework.beans.factory.xml.XmlBeanDefinitionReader] - Loading XML bean definitions from class path resource [spring-context-druid.xml]
2020-08-15 14:53:38,791 INFO [org.springframework.beans.factory.xml.XmlBeanDefinitionReader] - Loading XML bean definitions from class path resource [spring-context-mybatis.xml]
2020-08-15 14:53:38,810 INFO [org.springframework.context.support.GenericApplicationContext] - Refreshing org.springframework.context.support.GenericApplicationContext@5cb9f472: startup date [Sat Aug 15 14:53:38 CST 2020]; root of context hierarchy
2020-08-15 14:53:39,513 INFO [com.alibaba.druid.pool.DruidDataSource] - {dataSource-1} inited
2020-08-15 14:53:39,947 INFO [org.springframework.beans.factory.xml.XmlBeanDefinitionReader] - Loading XML bean definitions from class path resource [org/springframework/jdbc/support/sql-error-codes.xml]
2020-08-15 14:53:40,004 INFO [org.springframework.context.support.GenericApplicationContext] - Closing org.springframework.context.support.GenericApplicationContext@5cb9f472: startup date [Sat Aug 15 14:53:38 CST 2020]; root of context hierarchy
2020-08-15 14:53:40,009 INFO [com.alibaba.druid.pool.DruidDataSource] - {dataSource-1} closed
2020-08-15 14:53:50,060 INFO [org.springframework.test.context.support.DefaultTestContextBootstrapper] - Loaded default TestExecutionListener class names from location [META-INF/spring.factories]: [org.springframework.test.context.web.ServletTestExecutionListener, org.springframework.test.context.support.DirtiesContextBeforeModesTestExecutionListener, org.springframework.test.context.support.DependencyInjectionTestExecutionListener, org.springframework.test.context.support.DirtiesContextTestExecutionListener, org.springframework.test.context.transaction.TransactionalTestExecutionListener, org.springframework.test.context.jdbc.SqlScriptsTestExecutionListener]
2020-08-15 14:53:50,078 INFO [org.springframework.test.context.support.DefaultTestContextBootstrapper] - Using TestExecutionListeners: [org.springframework.test.context.web.ServletTestExecutionListener@2a2d45ba, org.springframework.test.context.support.DirtiesContextBeforeModesTestExecutionListener@2a5ca609, org.springframework.test.context.support.DependencyInjectionTestExecutionListener@20e2cbe0, org.springframework.test.context.support.DirtiesContextTestExecutionListener@68be2bc2, org.springframework.test.context.transaction.TransactionalTestExecutionListener@28feb3fa, org.springframework.test.context.jdbc.SqlScriptsTestExecutionListener@675d3402]
2020-08-15 14:53:50,153 INFO [org.springframework.beans.factory.xml.XmlBeanDefinitionReader] - Loading XML bean definitions from class path resource [spring-context.xml]
2020-08-15 14:53:50,326 INFO [org.springframework.beans.factory.xml.XmlBeanDefinitionReader] - Loading XML bean definitions from class path resource [spring-context-druid.xml]
2020-08-15 14:53:50,361 INFO [org.springframework.beans.factory.xml.XmlBeanDefinitionReader] - Loading XML bean definitions from class path resource [spring-context-mybatis.xml]
2020-08-15 14:53:50,381 INFO [org.springframework.context.support.GenericApplicationContext] - Refreshing org.springframework.context.support.GenericApplicationContext@5cb9f472: startup date [Sat Aug 15 14:53:50 CST 2020]; root of context hierarchy
2020-08-15 14:53:51,017 INFO [com.alibaba.druid.pool.DruidDataSource] - {dataSource-1} inited
2020-08-15 14:53:51,456 INFO [org.springframework.context.support.GenericApplicationContext] - Closing org.springframework.context.support.GenericApplicationContext@5cb9f472: startup date [Sat Aug 15 14:53:50 CST 2020]; root of context hierarchy
2020-08-15 14:53:51,460 INFO [com.alibaba.druid.pool.DruidDataSource] - {dataSource-1} closed
2020-08-15 14:54:23,042 INFO [org.springframework.test.context.support.DefaultTestContextBootstrapper] - Loaded default TestExecutionListener class names from location [META-INF/spring.factories]: [org.springframework.test.context.web.ServletTestExecutionListener, org.springframework.test.context.support.DirtiesContextBeforeModesTestExecutionListener, org.springframework.test.context.support.DependencyInjectionTestExecutionListener, org.springframework.test.context.support.DirtiesContextTestExecutionListener, org.springframework.test.context.transaction.TransactionalTestExecutionListener, org.springframework.test.context.jdbc.SqlScriptsTestExecutionListener]
2020-08-15 14:54:23,057 INFO [org.springframework.test.context.support.DefaultTestContextBootstrapper] - Using TestExecutionListeners: [org.springframework.test.context.web.ServletTestExecutionListener@2a2d45ba, org.springframework.test.context.support.DirtiesContextBeforeModesTestExecutionListener@2a5ca609, org.springframework.test.context.support.DependencyInjectionTestExecutionListener@20e2cbe0, org.springframework.test.context.support.DirtiesContextTestExecutionListener@68be2bc2, org.springframework.test.context.transaction.TransactionalTestExecutionListener@28feb3fa, org.springframework.test.context.jdbc.SqlScriptsTestExecutionListener@675d3402]
2020-08-15 14:54:23,134 INFO [org.springframework.beans.factory.xml.XmlBeanDefinitionReader] - Loading XML bean definitions from class path resource [spring-context.xml]
2020-08-15 14:54:23,308 INFO [org.springframework.beans.factory.xml.XmlBeanDefinitionReader] - Loading XML bean definitions from class path resource [spring-context-druid.xml]
2020-08-15 14:54:23,345 INFO [org.springframework.beans.factory.xml.XmlBeanDefinitionReader] - Loading XML bean definitions from class path resource [spring-context-mybatis.xml]
2020-08-15 14:54:23,366 INFO [org.springframework.context.support.GenericApplicationContext] - Refreshing org.springframework.context.support.GenericApplicationContext@5cb9f472: startup date [Sat Aug 15 14:54:23 CST 2020]; root of context hierarchy
2020-08-15 14:54:23,974 INFO [com.alibaba.druid.pool.DruidDataSource] - {dataSource-1} inited
2020-08-15 14:54:24,420 INFO [org.springframework.beans.factory.xml.XmlBeanDefinitionReader] - Loading XML bean definitions from class path resource [org/springframework/jdbc/support/sql-error-codes.xml]
2020-08-15 14:54:24,467 INFO [org.springframework.context.support.GenericApplicationContext] - Closing org.springframework.context.support.GenericApplicationContext@5cb9f472: startup date [Sat Aug 15 14:54:23 CST 2020]; root of context hierarchy
2020-08-15 14:54:24,472 INFO [com.alibaba.druid.pool.DruidDataSource] - {dataSource-1} closed
2020-08-15 14:55:15,501 INFO [org.springframework.test.context.support.DefaultTestContextBootstrapper] - Loaded default TestExecutionListener class names from location [META-INF/spring.factories]: [org.springframework.test.context.web.ServletTestExecutionListener, org.springframework.test.context.support.DirtiesContextBeforeModesTestExecutionListener, org.springframework.test.context.support.DependencyInjectionTestExecutionListener, org.springframework.test.context.support.DirtiesContextTestExecutionListener, org.springframework.test.context.transaction.TransactionalTestExecutionListener, org.springframework.test.context.jdbc.SqlScriptsTestExecutionListener]
2020-08-15 14:55:15,521 INFO [org.springframework.test.context.support.DefaultTestContextBootstrapper] - Using TestExecutionListeners: [org.springframework.test.context.web.ServletTestExecutionListener@2a2d45ba, org.springframework.test.context.support.DirtiesContextBeforeModesTestExecutionListener@2a5ca609, org.springframework.test.context.support.DependencyInjectionTestExecutionListener@20e2cbe0, org.springframework.test.context.support.DirtiesContextTestExecutionListener@68be2bc2, org.springframework.test.context.transaction.TransactionalTestExecutionListener@28feb3fa, org.springframework.test.context.jdbc.SqlScriptsTestExecutionListener@675d3402]
2020-08-15 14:55:15,595 INFO [org.springframework.beans.factory.xml.XmlBeanDefinitionReader] - Loading XML bean definitions from class path resource [spring-context.xml]
2020-08-15 14:55:15,774 INFO [org.springframework.beans.factory.xml.XmlBeanDefinitionReader] - Loading XML bean definitions from class path resource [spring-context-druid.xml]
2020-08-15 14:55:15,815 INFO [org.springframework.beans.factory.xml.XmlBeanDefinitionReader] - Loading XML bean definitions from class path resource [spring-context-mybatis.xml]
2020-08-15 14:55:15,834 INFO [org.springframework.context.support.GenericApplicationContext] - Refreshing org.springframework.context.support.GenericApplicationContext@5cb9f472: startup date [Sat Aug 15 14:55:15 CST 2020]; root of context hierarchy
2020-08-15 14:55:16,512 INFO [com.alibaba.druid.pool.DruidDataSource] - {dataSource-1} inited
2020-08-15 14:55:16,993 INFO [org.springframework.context.support.GenericApplicationContext] - Closing org.springframework.context.support.GenericApplicationContext@5cb9f472: startup date [Sat Aug 15 14:55:15 CST 2020]; root of context hierarchy
2020-08-15 14:55:16,996 INFO [com.alibaba.druid.pool.DruidDataSource] - {dataSource-1} closed
2020-08-15 14:56:01,155 INFO [org.springframework.test.context.support.DefaultTestContextBootstrapper] - Loaded default TestExecutionListener class names from location [META-INF/spring.factories]: [org.springframework.test.context.web.ServletTestExecutionListener, org.springframework.test.context.support.DirtiesContextBeforeModesTestExecutionListener, org.springframework.test.context.support.DependencyInjectionTestExecutionListener, org.springframework.test.context.support.DirtiesContextTestExecutionListener, org.springframework.test.context.transaction.TransactionalTestExecutionListener, org.springframework.test.context.jdbc.SqlScriptsTestExecutionListener]
2020-08-15 14:56:01,172 INFO [org.springframework.test.context.support.DefaultTestContextBootstrapper] - Using TestExecutionListeners: [org.springframework.test.context.web.ServletTestExecutionListener@2a2d45ba, org.springframework.test.context.support.DirtiesContextBeforeModesTestExecutionListener@2a5ca609, org.springframework.test.context.support.DependencyInjectionTestExecutionListener@20e2cbe0, org.springframework.test.context.support.DirtiesContextTestExecutionListener@68be2bc2, org.springframework.test.context.transaction.TransactionalTestExecutionListener@28feb3fa, org.springframework.test.context.jdbc.SqlScriptsTestExecutionListener@675d3402]
2020-08-15 14:56:01,247 INFO [org.springframework.beans.factory.xml.XmlBeanDefinitionReader] - Loading XML bean definitions from class path resource [spring-context.xml]
2020-08-15 14:56:01,411 INFO [org.springframework.beans.factory.xml.XmlBeanDefinitionReader] - Loading XML bean definitions from class path resource [spring-context-druid.xml]
2020-08-15 14:56:01,445 INFO [org.springframework.beans.factory.xml.XmlBeanDefinitionReader] - Loading XML bean definitions from class path resource [spring-context-mybatis.xml]
2020-08-15 14:56:01,465 INFO [org.springframework.context.support.GenericApplicationContext] - Refreshing org.springframework.context.support.GenericApplicationContext@5cb9f472: startup date [Sat Aug 15 14:56:01 CST 2020]; root of context hierarchy
2020-08-15 14:56:02,090 INFO [com.alibaba.druid.pool.DruidDataSource] - {dataSource-1} inited
2020-08-15 14:56:02,517 INFO [org.springframework.beans.factory.xml.XmlBeanDefinitionReader] - Loading XML bean definitions from class path resource [org/springframework/jdbc/support/sql-error-codes.xml]
2020-08-15 14:56:02,574 INFO [org.springframework.context.support.GenericApplicationContext] - Closing org.springframework.context.support.GenericApplicationContext@5cb9f472: startup date [Sat Aug 15 14:56:01 CST 2020]; root of context hierarchy
2020-08-15 14:56:02,577 INFO [com.alibaba.druid.pool.DruidDataSource] - {dataSource-1} closed
2020-08-15 14:56:33,091 INFO [org.springframework.test.context.support.DefaultTestContextBootstrapper] - Loaded default TestExecutionListener class names from location [META-INF/spring.factories]: [org.springframework.test.context.web.ServletTestExecutionListener, org.springframework.test.context.support.DirtiesContextBeforeModesTestExecutionListener, org.springframework.test.context.support.DependencyInjectionTestExecutionListener, org.springframework.test.context.support.DirtiesContextTestExecutionListener, org.springframework.test.context.transaction.TransactionalTestExecutionListener, org.springframework.test.context.jdbc.SqlScriptsTestExecutionListener]
2020-08-15 14:56:33,114 INFO [org.springframework.test.context.support.DefaultTestContextBootstrapper] - Using TestExecutionListeners: [org.springframework.test.context.web.ServletTestExecutionListener@2a2d45ba, org.springframework.test.context.support.DirtiesContextBeforeModesTestExecutionListener@2a5ca609, org.springframework.test.context.support.DependencyInjectionTestExecutionListener@20e2cbe0, org.springframework.test.context.support.DirtiesContextTestExecutionListener@68be2bc2, org.springframework.test.context.transaction.TransactionalTestExecutionListener@28feb3fa, org.springframework.test.context.jdbc.SqlScriptsTestExecutionListener@675d3402]
2020-08-15 14:56:33,197 INFO [org.springframework.beans.factory.xml.XmlBeanDefinitionReader] - Loading XML bean definitions from class path resource [spring-context.xml]
2020-08-15 14:56:33,377 INFO [org.springframework.beans.factory.xml.XmlBeanDefinitionReader] - Loading XML bean definitions from class path resource [spring-context-druid.xml]
2020-08-15 14:56:33,413 INFO [org.springframework.beans.factory.xml.XmlBeanDefinitionReader] - Loading XML bean definitions from class path resource [spring-context-mybatis.xml]
2020-08-15 14:56:33,431 INFO [org.springframework.context.support.GenericApplicationContext] - Refreshing org.springframework.context.support.GenericApplicationContext@5cb9f472: startup date [Sat Aug 15 14:56:33 CST 2020]; root of context hierarchy
2020-08-15 14:56:34,068 INFO [com.alibaba.druid.pool.DruidDataSource] - {dataSource-1} inited
2020-08-15 14:56:34,514 INFO [org.springframework.beans.factory.xml.XmlBeanDefinitionReader] - Loading XML bean definitions from class path resource [org/springframework/jdbc/support/sql-error-codes.xml]
2020-08-15 14:56:34,555 INFO [org.springframework.context.support.GenericApplicationContext] - Closing org.springframework.context.support.GenericApplicationContext@5cb9f472: startup date [Sat Aug 15 14:56:33 CST 2020]; root of context hierarchy
2020-08-15 14:56:34,559 INFO [com.alibaba.druid.pool.DruidDataSource] - {dataSource-1} closed
2020-08-15 14:57:14,737 INFO [org.springframework.test.context.support.DefaultTestContextBootstrapper] - Loaded default TestExecutionListener class names from location [META-INF/spring.factories]: [org.springframework.test.context.web.ServletTestExecutionListener, org.springframework.test.context.support.DirtiesContextBeforeModesTestExecutionListener, org.springframework.test.context.support.DependencyInjectionTestExecutionListener, org.springframework.test.context.support.DirtiesContextTestExecutionListener, org.springframework.test.context.transaction.TransactionalTestExecutionListener, org.springframework.test.context.jdbc.SqlScriptsTestExecutionListener]
2020-08-15 14:57:14,757 INFO [org.springframework.test.context.support.DefaultTestContextBootstrapper] - Using TestExecutionListeners: [org.springframework.test.context.web.ServletTestExecutionListener@2a2d45ba, org.springframework.test.context.support.DirtiesContextBeforeModesTestExecutionListener@2a5ca609, org.springframework.test.context.support.DependencyInjectionTestExecutionListener@20e2cbe0, org.springframework.test.context.support.DirtiesContextTestExecutionListener@68be2bc2, org.springframework.test.context.transaction.TransactionalTestExecutionListener@28feb3fa, org.springframework.test.context.jdbc.SqlScriptsTestExecutionListener@675d3402]
2020-08-15 14:57:14,834 INFO [org.springframework.beans.factory.xml.XmlBeanDefinitionReader] - Loading XML bean definitions from class path resource [spring-context.xml]
2020-08-15 14:57:15,020 INFO [org.springframework.beans.factory.xml.XmlBeanDefinitionReader] - Loading XML bean definitions from class path resource [spring-context-druid.xml]
2020-08-15 14:57:15,055 INFO [org.springframework.beans.factory.xml.XmlBeanDefinitionReader] - Loading XML bean definitions from class path resource [spring-context-mybatis.xml]
2020-08-15 14:57:15,073 INFO [org.springframework.context.support.GenericApplicationContext] - Refreshing org.springframework.context.support.GenericApplicationContext@5cb9f472: startup date [Sat Aug 15 14:57:15 CST 2020]; root of context hierarchy
2020-08-15 14:57:15,809 INFO [com.alibaba.druid.pool.DruidDataSource] - {dataSource-1} inited
2020-08-15 14:57:16,477 INFO [org.springframework.beans.factory.xml.XmlBeanDefinitionReader] - Loading XML bean definitions from class path resource [org/springframework/jdbc/support/sql-error-codes.xml]
2020-08-15 14:57:16,533 INFO [org.springframework.context.support.GenericApplicationContext] - Closing org.springframework.context.support.GenericApplicationContext@5cb9f472: startup date [Sat Aug 15 14:57:15 CST 2020]; root of context hierarchy
2020-08-15 14:57:16,536 INFO [com.alibaba.druid.pool.DruidDataSource] - {dataSource-1} closed
2020-08-15 14:57:52,303 INFO [org.springframework.test.context.support.DefaultTestContextBootstrapper] - Loaded default TestExecutionListener class names from location [META-INF/spring.factories]: [org.springframework.test.context.web.ServletTestExecutionListener, org.springframework.test.context.support.DirtiesContextBeforeModesTestExecutionListener, org.springframework.test.context.support.DependencyInjectionTestExecutionListener, org.springframework.test.context.support.DirtiesContextTestExecutionListener, org.springframework.test.context.transaction.TransactionalTestExecutionListener, org.springframework.test.context.jdbc.SqlScriptsTestExecutionListener]
2020-08-15 14:57:52,333 INFO [org.springframework.test.context.support.DefaultTestContextBootstrapper] - Using TestExecutionListeners: [org.springframework.test.context.web.ServletTestExecutionListener@2a2d45ba, org.springframework.test.context.support.DirtiesContextBeforeModesTestExecutionListener@2a5ca609, org.springframework.test.context.support.DependencyInjectionTestExecutionListener@20e2cbe0, org.springframework.test.context.support.DirtiesContextTestExecutionListener@68be2bc2, org.springframework.test.context.transaction.TransactionalTestExecutionListener@28feb3fa, org.springframework.test.context.jdbc.SqlScriptsTestExecutionListener@675d3402]
2020-08-15 14:57:52,420 INFO [org.springframework.beans.factory.xml.XmlBeanDefinitionReader] - Loading XML bean definitions from class path resource [spring-context.xml]
2020-08-15 14:57:52,615 INFO [org.springframework.beans.factory.xml.XmlBeanDefinitionReader] - Loading XML bean definitions from class path resource [spring-context-druid.xml]
2020-08-15 14:57:52,652 INFO [org.springframework.beans.factory.xml.XmlBeanDefinitionReader] - Loading XML bean definitions from class path resource [spring-context-mybatis.xml]
2020-08-15 14:57:52,672 INFO [org.springframework.context.support.GenericApplicationContext] - Refreshing org.springframework.context.support.GenericApplicationContext@5cb9f472: startup date [Sat Aug 15 14:57:52 CST 2020]; root of context hierarchy
2020-08-15 14:57:53,351 INFO [com.alibaba.druid.pool.DruidDataSource] - {dataSource-1} inited
2020-08-15 14:57:53,830 INFO [org.springframework.beans.factory.xml.XmlBeanDefinitionReader] - Loading XML bean definitions from class path resource [org/springframework/jdbc/support/sql-error-codes.xml]
2020-08-15 14:57:53,884 INFO [org.springframework.context.support.GenericApplicationContext] - Closing org.springframework.context.support.GenericApplicationContext@5cb9f472: startup date [Sat Aug 15 14:57:52 CST 2020]; root of context hierarchy
2020-08-15 14:57:53,889 INFO [com.alibaba.druid.pool.DruidDataSource] - {dataSource-1} closed
2020-08-15 14:58:20,842 INFO [org.springframework.test.context.support.DefaultTestContextBootstrapper] - Loaded default TestExecutionListener class names from location [META-INF/spring.factories]: [org.springframework.test.context.web.ServletTestExecutionListener, org.springframework.test.context.support.DirtiesContextBeforeModesTestExecutionListener, org.springframework.test.context.support.DependencyInjectionTestExecutionListener, org.springframework.test.context.support.DirtiesContextTestExecutionListener, org.springframework.test.context.transaction.TransactionalTestExecutionListener, org.springframework.test.context.jdbc.SqlScriptsTestExecutionListener]
2020-08-15 14:58:20,858 INFO [org.springframework.test.context.support.DefaultTestContextBootstrapper] - Using TestExecutionListeners: [org.springframework.test.context.web.ServletTestExecutionListener@2a2d45ba, org.springframework.test.context.support.DirtiesContextBeforeModesTestExecutionListener@2a5ca609, org.springframework.test.context.support.DependencyInjectionTestExecutionListener@20e2cbe0, org.springframework.test.context.support.DirtiesContextTestExecutionListener@68be2bc2, org.springframework.test.context.transaction.TransactionalTestExecutionListener@28feb3fa, org.springframework.test.context.jdbc.SqlScriptsTestExecutionListener@675d3402]
2020-08-15 14:58:20,942 INFO [org.springframework.beans.factory.xml.XmlBeanDefinitionReader] - Loading XML bean definitions from class path resource [spring-context.xml]
2020-08-15 14:58:21,101 INFO [org.springframework.beans.factory.xml.XmlBeanDefinitionReader] - Loading XML bean definitions from class path resource [spring-context-druid.xml]
2020-08-15 14:58:21,139 INFO [org.springframework.beans.factory.xml.XmlBeanDefinitionReader] - Loading XML bean definitions from class path resource [spring-context-mybatis.xml]
2020-08-15 14:58:21,159 INFO [org.springframework.context.support.GenericApplicationContext] - Refreshing org.springframework.context.support.GenericApplicationContext@5cb9f472: startup date [Sat Aug 15 14:58:21 CST 2020]; root of context hierarchy
2020-08-15 14:58:21,783 INFO [com.alibaba.druid.pool.DruidDataSource] - {dataSource-1} inited
2020-08-15 14:58:22,208 INFO [org.springframework.context.support.GenericApplicationContext] - Closing org.springframework.context.support.GenericApplicationContext@5cb9f472: startup date [Sat Aug 15 14:58:21 CST 2020]; root of context hierarchy
2020-08-15 14:58:22,212 INFO [com.alibaba.druid.pool.DruidDataSource] - {dataSource-1} closed
